<?xml version="1.0" encoding="UTF-8"?>
<!-- Generated by org.testng.reporters.JUnitXMLReporter -->
<testsuite hostname="VPIDAMAR-L-163" ignored="0" name="Default test" tests="2" failures="0" timestamp="31 Aug 2018 12:37:19 GMT" time="65.728" errors="0">
  <testcase name="AssociatePortalUS_Stores" time="30.356" classname="com.clopay.automationtesting.testcases.ValidatingAssociatePortalHomePageFunctionalities"/>
  <testcase name="AssociatePortalCanada_Stores" time="35.318" classname="com.clopay.automationtesting.testcases.ValidatingAssociatePortalHomePageFunctionalities"/>
</testsuite> <!-- Default test -->
