<?xml version="1.0" encoding="UTF-8"?>
<!-- Generated by org.testng.reporters.JUnitXMLReporter -->
<testsuite hostname="VPIDAMAR-L-163" ignored="6" name="Test" tests="9" failures="0" timestamp="31 Aug 2018 15:45:38 GMT" time="223.129" errors="0">
  <testcase name="UserLogin" time="3.867" classname="com.clopay.automationtesting.testcases.ValidatingAssociatePortalLoginPageFunctionalitiy"/>
  <testcase name="AssociatePortalUS_Stores" time="73.712" classname="com.clopay.automationtesting.testcases.ValidatingAssociatePortalHomePageFunctionalities"/>
  <testcase name="AssociatePortalCanada_Stores" time="35.218" classname="com.clopay.automationtesting.testcases.ValidatingAssociatePortalHomePageFunctionalities"/>
  <testcase name="AssociatePortalManageUsers" time="10.726" classname="com.clopay.automationtesting.testcases.ValidatingAssociatePortalManageUsersPageFunctionality"/>
  <testcase name="AssociatePortalManageSupervisors" time="10.554" classname="com.clopay.automationtesting.testcases.ValidatingAssociatePortalManageUsersPageFunctionality"/>
  <testcase name="AssociatePortalContactUs" time="29.369" classname="com.clopay.automationtesting.testcases.ValidatingAssociatePortalManageUsersPageFunctionality"/>
  <testcase name="ValidatingUserLoguOUtFunctionalityTest" time="2.417" classname="com.clopay.automationtesting.testcases.ValidatingAssociatePortalLogOutFunctionality"/>
  <testcase name="SitefinityLogin" time="55.405" classname="com.clopay.automationtesting.testcases.ValidatingAssociatePortalLogOutFunctionality"/>
  <testcase name="SitefinityLogOutFunctionalityTest" time="1.792" classname="com.clopay.automationtesting.testcases.ValidatingAssociatePortalLogOutFunctionality"/>
  <testcase name="@AfterSuite teardown" time="0.0" classname="com.clopay.automationtesting.basetest.BaseTest">
    <ignored/>
  </testcase> <!-- @AfterSuite teardown -->
  <testcase name="@AfterSuite teardown" time="0.0" classname="com.clopay.automationtesting.basetest.BaseTest">
    <ignored/>
  </testcase> <!-- @AfterSuite teardown -->
  <testcase name="@AfterSuite teardown" time="0.0" classname="com.clopay.automationtesting.basetest.BaseTest">
    <ignored/>
  </testcase> <!-- @AfterSuite teardown -->
  <testcase name="@BeforeSuite init" time="0.0" classname="com.clopay.automationtesting.basetest.BaseTest">
    <ignored/>
  </testcase> <!-- @BeforeSuite init -->
  <testcase name="@BeforeSuite init" time="0.0" classname="com.clopay.automationtesting.basetest.BaseTest">
    <ignored/>
  </testcase> <!-- @BeforeSuite init -->
  <testcase name="@BeforeSuite init" time="0.0" classname="com.clopay.automationtesting.basetest.BaseTest">
    <ignored/>
  </testcase> <!-- @BeforeSuite init -->
</testsuite> <!-- Test -->
